2021-07-11 10:55:41.854  INFO 9508 --- [main] c.atguigu.srb.sms.ServiceSmsApplication  : No active profile set, falling back to default profiles: default
2021-07-11 10:55:42.509  INFO 9508 --- [main] .s.d.r.c.RepositoryConfigurationDelegate : Multiple Spring Data modules found, entering strict repository configuration mode!
2021-07-11 10:55:42.511  INFO 9508 --- [main] .s.d.r.c.RepositoryConfigurationDelegate : Bootstrapping Spring Data Redis repositories in DEFAULT mode.
2021-07-11 10:55:42.531  INFO 9508 --- [main] .s.d.r.c.RepositoryConfigurationDelegate : Finished Spring Data repository scanning in 9ms. Found 0 Redis repository interfaces.
2021-07-11 10:55:42.655  INFO 9508 --- [main] o.s.cloud.context.scope.GenericScope     : BeanFactory id=9952954e-6373-34e0-9cde-a8156ac59e04
2021-07-11 10:55:42.684  INFO 9508 --- [main] trationDelegate$BeanPostProcessorChecker : Bean 'com.atguigu.srb.sms.client.CoreUserInfoClient' of type [org.springframework.cloud.openfeign.FeignClientFactoryBean] is not eligible for getting processed by all BeanPostProcessors (for example: not eligible for auto-proxying)
2021-07-11 10:55:42.781  INFO 9508 --- [main] trationDelegate$BeanPostProcessorChecker : Bean 'spring.cloud.sentinel-com.alibaba.cloud.sentinel.SentinelProperties' of type [com.alibaba.cloud.sentinel.SentinelProperties] is not eligible for getting processed by all BeanPostProcessors (for example: not eligible for auto-proxying)
2021-07-11 10:55:42.784  INFO 9508 --- [main] trationDelegate$BeanPostProcessorChecker : Bean 'com.alibaba.cloud.sentinel.custom.SentinelAutoConfiguration' of type [com.alibaba.cloud.sentinel.custom.SentinelAutoConfiguration] is not eligible for getting processed by all BeanPostProcessors (for example: not eligible for auto-proxying)
2021-07-11 10:55:42.983  INFO 9508 --- [main] o.s.b.w.embedded.tomcat.TomcatWebServer  : Tomcat initialized with port(s): 8120 (http)
2021-07-11 10:55:42.992  INFO 9508 --- [main] o.apache.catalina.core.StandardService   : Starting service [Tomcat]
2021-07-11 10:55:42.992  INFO 9508 --- [main] org.apache.catalina.core.StandardEngine  : Starting Servlet engine: [Apache Tomcat/9.0.38]
2021-07-11 10:55:43.141  INFO 9508 --- [main] o.a.c.c.C.[Tomcat].[localhost].[/]       : Initializing Spring embedded WebApplicationContext
2021-07-11 10:55:43.141  INFO 9508 --- [main] w.s.c.ServletWebServerApplicationContext : Root WebApplicationContext: initialization completed in 1271 ms
2021-07-11 10:55:43.872  INFO 9508 --- [main] c.a.c.s.SentinelWebAutoConfiguration     : [Sentinel Starter] register SentinelWebInterceptor with urlPatterns: [/**].
2021-07-11 10:55:43.935  INFO 9508 --- [main] pertySourcedRequestMappingHandlerMapping : Mapped URL path [/v2/api-docs] onto method [springfox.documentation.swagger2.web.Swagger2Controller#getDocumentation(String, HttpServletRequest)]
2021-07-11 10:55:43.952  WARN 9508 --- [main] c.n.c.sources.URLConfigurationSource     : No URLs will be polled as dynamic configuration sources.
2021-07-11 10:55:43.952  INFO 9508 --- [main] c.n.c.sources.URLConfigurationSource     : To enable URLs as dynamic configuration sources, define System property archaius.configurationSource.additionalUrls or make config.properties available on classpath.
2021-07-11 10:55:43.955  WARN 9508 --- [main] c.n.c.sources.URLConfigurationSource     : No URLs will be polled as dynamic configuration sources.
2021-07-11 10:55:43.955  INFO 9508 --- [main] c.n.c.sources.URLConfigurationSource     : To enable URLs as dynamic configuration sources, define System property archaius.configurationSource.additionalUrls or make config.properties available on classpath.
2021-07-11 10:55:44.040  INFO 9508 --- [main] o.s.s.concurrent.ThreadPoolTaskExecutor  : Initializing ExecutorService 'applicationTaskExecutor'
2021-07-11 10:55:45.522  INFO 9508 --- [main] o.s.b.w.embedded.tomcat.TomcatWebServer  : Tomcat started on port(s): 8120 (http) with context path ''
2021-07-11 10:55:45.531  INFO 9508 --- [main] c.a.c.n.registry.NacosServiceRegistry    : nacos registry, DEFAULT_GROUP service-sms 192.168.64.1:8120 register finished
2021-07-11 10:55:46.044  INFO 9508 --- [main] d.s.w.p.DocumentationPluginsBootstrapper : Context refreshed
2021-07-11 10:55:46.055  INFO 9508 --- [main] d.s.w.p.DocumentationPluginsBootstrapper : Found 1 custom documentation plugin(s)
2021-07-11 10:55:46.078  INFO 9508 --- [main] s.d.s.w.s.ApiListingReferenceScanner     : Scanning for api listing references
2021-07-11 10:55:46.153  INFO 9508 --- [main] c.atguigu.srb.sms.ServiceSmsApplication  : Started ServiceSmsApplication in 6.143 seconds (JVM running for 7.277)
2021-07-11 10:56:04.911  INFO 9508 --- [http-nio-8120-exec-1] o.a.c.c.C.[Tomcat].[localhost].[/]       : Initializing Spring DispatcherServlet 'dispatcherServlet'
2021-07-11 10:56:04.912  INFO 9508 --- [http-nio-8120-exec-1] o.s.web.servlet.DispatcherServlet        : Initializing Servlet 'dispatcherServlet'
2021-07-11 10:56:04.917  INFO 9508 --- [http-nio-8120-exec-1] o.s.web.servlet.DispatcherServlet        : Completed initialization in 5 ms
2021-07-11 11:01:42.351  INFO 10648 --- [main] c.atguigu.srb.sms.ServiceSmsApplication  : No active profile set, falling back to default profiles: default
2021-07-11 11:01:42.966  INFO 10648 --- [main] .s.d.r.c.RepositoryConfigurationDelegate : Multiple Spring Data modules found, entering strict repository configuration mode!
2021-07-11 11:01:42.968  INFO 10648 --- [main] .s.d.r.c.RepositoryConfigurationDelegate : Bootstrapping Spring Data Redis repositories in DEFAULT mode.
2021-07-11 11:01:42.989  INFO 10648 --- [main] .s.d.r.c.RepositoryConfigurationDelegate : Finished Spring Data repository scanning in 9ms. Found 0 Redis repository interfaces.
2021-07-11 11:01:43.113  INFO 10648 --- [main] o.s.cloud.context.scope.GenericScope     : BeanFactory id=9952954e-6373-34e0-9cde-a8156ac59e04
2021-07-11 11:01:43.147  INFO 10648 --- [main] trationDelegate$BeanPostProcessorChecker : Bean 'com.atguigu.srb.sms.client.CoreUserInfoClient' of type [org.springframework.cloud.openfeign.FeignClientFactoryBean] is not eligible for getting processed by all BeanPostProcessors (for example: not eligible for auto-proxying)
2021-07-11 11:01:43.239  INFO 10648 --- [main] trationDelegate$BeanPostProcessorChecker : Bean 'spring.cloud.sentinel-com.alibaba.cloud.sentinel.SentinelProperties' of type [com.alibaba.cloud.sentinel.SentinelProperties] is not eligible for getting processed by all BeanPostProcessors (for example: not eligible for auto-proxying)
2021-07-11 11:01:43.241  INFO 10648 --- [main] trationDelegate$BeanPostProcessorChecker : Bean 'com.alibaba.cloud.sentinel.custom.SentinelAutoConfiguration' of type [com.alibaba.cloud.sentinel.custom.SentinelAutoConfiguration] is not eligible for getting processed by all BeanPostProcessors (for example: not eligible for auto-proxying)
2021-07-11 11:01:43.414  INFO 10648 --- [main] o.s.b.w.embedded.tomcat.TomcatWebServer  : Tomcat initialized with port(s): 8120 (http)
2021-07-11 11:01:43.421  INFO 10648 --- [main] o.apache.catalina.core.StandardService   : Starting service [Tomcat]
2021-07-11 11:01:43.421  INFO 10648 --- [main] org.apache.catalina.core.StandardEngine  : Starting Servlet engine: [Apache Tomcat/9.0.38]
2021-07-11 11:01:43.540  INFO 10648 --- [main] o.a.c.c.C.[Tomcat].[localhost].[/]       : Initializing Spring embedded WebApplicationContext
2021-07-11 11:01:43.540  INFO 10648 --- [main] w.s.c.ServletWebServerApplicationContext : Root WebApplicationContext: initialization completed in 1175 ms
2021-07-11 11:01:44.091  INFO 10648 --- [main] c.a.c.s.SentinelWebAutoConfiguration     : [Sentinel Starter] register SentinelWebInterceptor with urlPatterns: [/**].
2021-07-11 11:01:44.149  INFO 10648 --- [main] pertySourcedRequestMappingHandlerMapping : Mapped URL path [/v2/api-docs] onto method [springfox.documentation.swagger2.web.Swagger2Controller#getDocumentation(String, HttpServletRequest)]
2021-07-11 11:01:44.164  WARN 10648 --- [main] c.n.c.sources.URLConfigurationSource     : No URLs will be polled as dynamic configuration sources.
2021-07-11 11:01:44.165  INFO 10648 --- [main] c.n.c.sources.URLConfigurationSource     : To enable URLs as dynamic configuration sources, define System property archaius.configurationSource.additionalUrls or make config.properties available on classpath.
2021-07-11 11:01:44.167  WARN 10648 --- [main] c.n.c.sources.URLConfigurationSource     : No URLs will be polled as dynamic configuration sources.
2021-07-11 11:01:44.168  INFO 10648 --- [main] c.n.c.sources.URLConfigurationSource     : To enable URLs as dynamic configuration sources, define System property archaius.configurationSource.additionalUrls or make config.properties available on classpath.
2021-07-11 11:01:44.242  INFO 10648 --- [main] o.s.s.concurrent.ThreadPoolTaskExecutor  : Initializing ExecutorService 'applicationTaskExecutor'
2021-07-11 11:01:49.467  WARN 10648 --- [main] ConfigServletWebServerApplicationContext : Exception encountered during context initialization - cancelling refresh attempt: org.springframework.context.ApplicationContextException: Failed to start bean 'webServerStartStop'; nested exception is org.springframework.boot.web.server.WebServerException: Unable to start embedded Tomcat server
2021-07-11 11:01:58.477  INFO 10648 --- [main] o.s.s.concurrent.ThreadPoolTaskExecutor  : Shutting down ExecutorService 'applicationTaskExecutor'
2021-07-11 11:01:58.508  INFO 10648 --- [main] o.apache.catalina.core.StandardService   : Stopping service [Tomcat]
2021-07-11 11:01:58.517  INFO 10648 --- [main] ConditionEvaluationReportLoggingListener : 

Error starting ApplicationContext. To display the conditions report re-run your application with 'debug' enabled.
2021-07-11 11:01:58.524 ERROR 10648 --- [main] o.s.boot.SpringApplication               : Application run failed

org.springframework.context.ApplicationContextException: Failed to start bean 'webServerStartStop'; nested exception is org.springframework.boot.web.server.WebServerException: Unable to start embedded Tomcat server
	at org.springframework.context.support.DefaultLifecycleProcessor.doStart(DefaultLifecycleProcessor.java:185) ~[spring-context-5.2.9.RELEASE.jar:5.2.9.RELEASE]
	at org.springframework.context.support.DefaultLifecycleProcessor.access$200(DefaultLifecycleProcessor.java:53) ~[spring-context-5.2.9.RELEASE.jar:5.2.9.RELEASE]
	at org.springframework.context.support.DefaultLifecycleProcessor$LifecycleGroup.start(DefaultLifecycleProcessor.java:360) ~[spring-context-5.2.9.RELEASE.jar:5.2.9.RELEASE]
	at org.springframework.context.support.DefaultLifecycleProcessor.startBeans(DefaultLifecycleProcessor.java:158) ~[spring-context-5.2.9.RELEASE.jar:5.2.9.RELEASE]
	at org.springframework.context.support.DefaultLifecycleProcessor.onRefresh(DefaultLifecycleProcessor.java:122) ~[spring-context-5.2.9.RELEASE.jar:5.2.9.RELEASE]
	at org.springframework.context.support.AbstractApplicationContext.finishRefresh(AbstractApplicationContext.java:895) ~[spring-context-5.2.9.RELEASE.jar:5.2.9.RELEASE]
	at org.springframework.context.support.AbstractApplicationContext.refresh(AbstractApplicationContext.java:554) ~[spring-context-5.2.9.RELEASE.jar:5.2.9.RELEASE]
	at org.springframework.boot.web.servlet.context.ServletWebServerApplicationContext.refresh(ServletWebServerApplicationContext.java:143) ~[spring-boot-2.3.4.RELEASE.jar:2.3.4.RELEASE]
	at org.springframework.boot.SpringApplication.refresh(SpringApplication.java:758) [spring-boot-2.3.4.RELEASE.jar:2.3.4.RELEASE]
	at org.springframework.boot.SpringApplication.refresh(SpringApplication.java:750) [spring-boot-2.3.4.RELEASE.jar:2.3.4.RELEASE]
	at org.springframework.boot.SpringApplication.refreshContext(SpringApplication.java:397) [spring-boot-2.3.4.RELEASE.jar:2.3.4.RELEASE]
	at org.springframework.boot.SpringApplication.run(SpringApplication.java:315) [spring-boot-2.3.4.RELEASE.jar:2.3.4.RELEASE]
	at org.springframework.boot.SpringApplication.run(SpringApplication.java:1237) [spring-boot-2.3.4.RELEASE.jar:2.3.4.RELEASE]
	at org.springframework.boot.SpringApplication.run(SpringApplication.java:1226) [spring-boot-2.3.4.RELEASE.jar:2.3.4.RELEASE]
	at com.atguigu.srb.sms.ServiceSmsApplication.main(ServiceSmsApplication.java:15) [classes/:na]
Caused by: org.springframework.boot.web.server.WebServerException: Unable to start embedded Tomcat server
	at org.springframework.boot.web.embedded.tomcat.TomcatWebServer.start(TomcatWebServer.java:229) ~[spring-boot-2.3.4.RELEASE.jar:2.3.4.RELEASE]
	at org.springframework.boot.web.servlet.context.WebServerStartStopLifecycle.start(WebServerStartStopLifecycle.java:43) ~[spring-boot-2.3.4.RELEASE.jar:2.3.4.RELEASE]
	at org.springframework.context.support.DefaultLifecycleProcessor.doStart(DefaultLifecycleProcessor.java:182) ~[spring-context-5.2.9.RELEASE.jar:5.2.9.RELEASE]
	... 14 common frames omitted
Caused by: java.lang.IllegalArgumentException: standardService.connector.startFailed
	at org.apache.catalina.core.StandardService.addConnector(StandardService.java:231) ~[tomcat-embed-core-9.0.38.jar:9.0.38]
	at org.springframework.boot.web.embedded.tomcat.TomcatWebServer.addPreviouslyRemovedConnectors(TomcatWebServer.java:282) ~[spring-boot-2.3.4.RELEASE.jar:2.3.4.RELEASE]
	at org.springframework.boot.web.embedded.tomcat.TomcatWebServer.start(TomcatWebServer.java:213) ~[spring-boot-2.3.4.RELEASE.jar:2.3.4.RELEASE]
	... 16 common frames omitted
Caused by: org.apache.catalina.LifecycleException: Protocol handler start failed
	at org.apache.catalina.connector.Connector.startInternal(Connector.java:1067) ~[tomcat-embed-core-9.0.38.jar:9.0.38]
	at org.apache.catalina.util.LifecycleBase.start(LifecycleBase.java:183) ~[tomcat-embed-core-9.0.38.jar:9.0.38]
	at org.apache.catalina.core.StandardService.addConnector(StandardService.java:227) ~[tomcat-embed-core-9.0.38.jar:9.0.38]
	... 18 common frames omitted
Caused by: java.io.IOException: Unable to establish loopback connection
	at sun.nio.ch.PipeImpl$Initializer.run(PipeImpl.java:94) ~[na:1.8.0_241]
	at sun.nio.ch.PipeImpl$Initializer.run(PipeImpl.java:61) ~[na:1.8.0_241]
	at java.security.AccessController.doPrivileged(Native Method) ~[na:1.8.0_241]
	at sun.nio.ch.PipeImpl.<init>(PipeImpl.java:171) ~[na:1.8.0_241]
	at sun.nio.ch.SelectorProviderImpl.openPipe(SelectorProviderImpl.java:50) ~[na:1.8.0_241]
	at java.nio.channels.Pipe.open(Pipe.java:155) ~[na:1.8.0_241]
	at sun.nio.ch.WindowsSelectorImpl.<init>(WindowsSelectorImpl.java:127) ~[na:1.8.0_241]
	at sun.nio.ch.WindowsSelectorProvider.openSelector(WindowsSelectorProvider.java:44) ~[na:1.8.0_241]
	at java.nio.channels.Selector.open(Selector.java:227) ~[na:1.8.0_241]
	at org.apache.tomcat.util.net.NioSelectorPool.getSharedSelector(NioSelectorPool.java:52) ~[tomcat-embed-core-9.0.38.jar:9.0.38]
	at org.apache.tomcat.util.net.NioSelectorPool.close(NioSelectorPool.java:119) ~[tomcat-embed-core-9.0.38.jar:9.0.38]
	at org.apache.tomcat.util.net.NioEndpoint.unbind(NioEndpoint.java:346) ~[tomcat-embed-core-9.0.38.jar:9.0.38]
	at org.apache.tomcat.util.net.AbstractEndpoint.bindWithCleanup(AbstractEndpoint.java:1146) ~[tomcat-embed-core-9.0.38.jar:9.0.38]
	at org.apache.tomcat.util.net.AbstractEndpoint.start(AbstractEndpoint.java:1227) ~[tomcat-embed-core-9.0.38.jar:9.0.38]
	at org.apache.coyote.AbstractProtocol.start(AbstractProtocol.java:592) ~[tomcat-embed-core-9.0.38.jar:9.0.38]
	at org.apache.catalina.connector.Connector.startInternal(Connector.java:1064) ~[tomcat-embed-core-9.0.38.jar:9.0.38]
	... 20 common frames omitted
Caused by: java.net.ConnectException: Connection refused: connect
	at sun.nio.ch.Net.connect0(Native Method) ~[na:1.8.0_241]
	at sun.nio.ch.Net.connect(Net.java:454) ~[na:1.8.0_241]
	at sun.nio.ch.Net.connect(Net.java:446) ~[na:1.8.0_241]
	at sun.nio.ch.SocketChannelImpl.connect(SocketChannelImpl.java:648) ~[na:1.8.0_241]
	at java.nio.channels.SocketChannel.open(SocketChannel.java:189) ~[na:1.8.0_241]
	at sun.nio.ch.PipeImpl$Initializer$LoopbackConnector.run(PipeImpl.java:127) ~[na:1.8.0_241]
	at sun.nio.ch.PipeImpl$Initializer.run(PipeImpl.java:76) ~[na:1.8.0_241]
	... 35 common frames omitted

2021-07-11 11:02:34.508  INFO 7104 --- [main] c.atguigu.srb.sms.ServiceSmsApplication  : No active profile set, falling back to default profiles: default
2021-07-11 11:02:35.123  INFO 7104 --- [main] .s.d.r.c.RepositoryConfigurationDelegate : Multiple Spring Data modules found, entering strict repository configuration mode!
2021-07-11 11:02:35.125  INFO 7104 --- [main] .s.d.r.c.RepositoryConfigurationDelegate : Bootstrapping Spring Data Redis repositories in DEFAULT mode.
2021-07-11 11:02:35.145  INFO 7104 --- [main] .s.d.r.c.RepositoryConfigurationDelegate : Finished Spring Data repository scanning in 9ms. Found 0 Redis repository interfaces.
2021-07-11 11:02:35.267  INFO 7104 --- [main] o.s.cloud.context.scope.GenericScope     : BeanFactory id=9952954e-6373-34e0-9cde-a8156ac59e04
2021-07-11 11:02:35.297  INFO 7104 --- [main] trationDelegate$BeanPostProcessorChecker : Bean 'com.atguigu.srb.sms.client.CoreUserInfoClient' of type [org.springframework.cloud.openfeign.FeignClientFactoryBean] is not eligible for getting processed by all BeanPostProcessors (for example: not eligible for auto-proxying)
2021-07-11 11:02:35.392  INFO 7104 --- [main] trationDelegate$BeanPostProcessorChecker : Bean 'spring.cloud.sentinel-com.alibaba.cloud.sentinel.SentinelProperties' of type [com.alibaba.cloud.sentinel.SentinelProperties] is not eligible for getting processed by all BeanPostProcessors (for example: not eligible for auto-proxying)
2021-07-11 11:02:35.393  INFO 7104 --- [main] trationDelegate$BeanPostProcessorChecker : Bean 'com.alibaba.cloud.sentinel.custom.SentinelAutoConfiguration' of type [com.alibaba.cloud.sentinel.custom.SentinelAutoConfiguration] is not eligible for getting processed by all BeanPostProcessors (for example: not eligible for auto-proxying)
2021-07-11 11:02:35.572  INFO 7104 --- [main] o.s.b.w.embedded.tomcat.TomcatWebServer  : Tomcat initialized with port(s): 8120 (http)
2021-07-11 11:02:35.580  INFO 7104 --- [main] o.apache.catalina.core.StandardService   : Starting service [Tomcat]
2021-07-11 11:02:35.580  INFO 7104 --- [main] org.apache.catalina.core.StandardEngine  : Starting Servlet engine: [Apache Tomcat/9.0.38]
2021-07-11 11:02:35.709  INFO 7104 --- [main] o.a.c.c.C.[Tomcat].[localhost].[/]       : Initializing Spring embedded WebApplicationContext
2021-07-11 11:02:35.709  INFO 7104 --- [main] w.s.c.ServletWebServerApplicationContext : Root WebApplicationContext: initialization completed in 1189 ms
2021-07-11 11:02:36.274  INFO 7104 --- [main] c.a.c.s.SentinelWebAutoConfiguration     : [Sentinel Starter] register SentinelWebInterceptor with urlPatterns: [/**].
2021-07-11 11:02:36.333  INFO 7104 --- [main] pertySourcedRequestMappingHandlerMapping : Mapped URL path [/v2/api-docs] onto method [springfox.documentation.swagger2.web.Swagger2Controller#getDocumentation(String, HttpServletRequest)]
2021-07-11 11:02:36.348  WARN 7104 --- [main] c.n.c.sources.URLConfigurationSource     : No URLs will be polled as dynamic configuration sources.
2021-07-11 11:02:36.348  INFO 7104 --- [main] c.n.c.sources.URLConfigurationSource     : To enable URLs as dynamic configuration sources, define System property archaius.configurationSource.additionalUrls or make config.properties available on classpath.
2021-07-11 11:02:36.351  WARN 7104 --- [main] c.n.c.sources.URLConfigurationSource     : No URLs will be polled as dynamic configuration sources.
2021-07-11 11:02:36.351  INFO 7104 --- [main] c.n.c.sources.URLConfigurationSource     : To enable URLs as dynamic configuration sources, define System property archaius.configurationSource.additionalUrls or make config.properties available on classpath.
2021-07-11 11:02:36.426  INFO 7104 --- [main] o.s.s.concurrent.ThreadPoolTaskExecutor  : Initializing ExecutorService 'applicationTaskExecutor'
2021-07-11 11:02:37.937  INFO 7104 --- [main] o.s.b.w.embedded.tomcat.TomcatWebServer  : Tomcat started on port(s): 8120 (http) with context path ''
2021-07-11 11:02:37.945  INFO 7104 --- [main] c.a.c.n.registry.NacosServiceRegistry    : nacos registry, DEFAULT_GROUP service-sms 192.168.64.1:8120 register finished
2021-07-11 11:02:38.490  INFO 7104 --- [main] d.s.w.p.DocumentationPluginsBootstrapper : Context refreshed
2021-07-11 11:02:38.500  INFO 7104 --- [main] d.s.w.p.DocumentationPluginsBootstrapper : Found 1 custom documentation plugin(s)
2021-07-11 11:02:38.524  INFO 7104 --- [main] s.d.s.w.s.ApiListingReferenceScanner     : Scanning for api listing references
2021-07-11 11:02:38.601  INFO 7104 --- [main] c.atguigu.srb.sms.ServiceSmsApplication  : Started ServiceSmsApplication in 5.812 seconds (JVM running for 6.995)
2021-07-11 11:02:54.696  INFO 7104 --- [http-nio-8120-exec-1] o.a.c.c.C.[Tomcat].[localhost].[/]       : Initializing Spring DispatcherServlet 'dispatcherServlet'
2021-07-11 11:02:54.697  INFO 7104 --- [http-nio-8120-exec-1] o.s.web.servlet.DispatcherServlet        : Initializing Servlet 'dispatcherServlet'
2021-07-11 11:02:54.702  INFO 7104 --- [http-nio-8120-exec-1] o.s.web.servlet.DispatcherServlet        : Completed initialization in 5 ms
